Building DAG of jobs...
Using shell: /bin/bash
Provided cores: 7
Rules claiming more threads will be scaled down.
Job counts:
	count	jobs
	1	all
	1	bayou
	1	report
	3

rule bayou:
    input: t1_N10_clade0.2_b1.5_d0.5_rate10_pr1.bayou, t1_N50_clade0.2_b1.5_d0.5_rate10_pr1.bayou, t1_N100_clade0.2_b1.5_d0.5_rate10_pr1.bayou, t1_N200_clade0.2_b1.5_d0.5_rate10_pr1.bayou, t1_N400_clade0.2_b1.5_d0.5_rate10_pr1.bayou
    output: bayou.report
    log: log/bayou.log
    jobid: 2

Finished job 2.
1 of 3 steps (33%) done

rule report:
    input: t1_N10_clade0.2_b1.5_d0.5_rate10_pr1.bayou, t1_N50_clade0.2_b1.5_d0.5_rate10_pr1.bayou, t1_N100_clade0.2_b1.5_d0.5_rate10_pr1.bayou, t1_N200_clade0.2_b1.5_d0.5_rate10_pr1.bayou, t1_N400_clade0.2_b1.5_d0.5_rate10_pr1.bayou, bayou.report, out/simulated_trees_info.tsv, fig/tree_sim_N100_clade0.2_b1.5_d0.5.pdf
    output: report.html
    jobid: 1

Finished job 1.
2 of 3 steps (67%) done

localrule all:
    input: report.html
    jobid: 0

Finished job 0.
3 of 3 steps (100%) done
Shutting down, this might take some time.
Complete log: /Users/jeremias/Dropbox/Bioinformatics/Reports/bm_sim/.snakemake/log/2018-02-04T135203.950529.snakemake.log
