Building DAG of jobs...
Using shell: /bin/bash
Provided cores: 6
Rules claiming more threads will be scaled down.
Job counts:
	count	jobs
	1	all
	1	report
	1	tre_sim_illustration
	3

rule tre_sim_illustration:
    output: fig/tree_sim_N100_clade20_b1.5_d0.5.pdf
    jobid: 5

Waiting at most 5 seconds for missing files.
MissingOutputException in line 131 of /Users/jeremias/Dropbox/Bioinformatics/Reports/bm_sim/Snakefile:
Missing files after 5 seconds:
fig/tree_sim_N100_clade20_b1.5_d0.5.pdf
This might be due to filesystem latency. If that is the case, consider to increase the wait time with --latency-wait.
Will exit after finishing currently running jobs.
Shutting down, this might take some time.
Exiting because a job execution failed. Look above for error message
Complete log: /Users/jeremias/Dropbox/Bioinformatics/Reports/bm_sim/.snakemake/log/2018-02-03T234008.701705.snakemake.log
